<?xml version="1.0" encoding="UTF-8"?>
<testsuite xmlns:xsi="http://www.w3.org/2001/XMLSchema-instance" xsi:noNamespaceSchemaLocation="https://maven.apache.org/surefire/maven-surefire-plugin/xsd/surefire-test-report.xsd" name="com.spring.tracing.TracingApplicationTests" time="4.642" tests="1" errors="0" skipped="0" failures="0">
  <properties>
    <property name="awt.toolkit" value="sun.awt.X11.XToolkit"/>
    <property name="java.specification.version" value="11"/>
    <property name="sun.cpu.isalist" value=""/>
    <property name="sun.jnu.encoding" value="UTF-8"/>
    <property name="java.class.path" value="/home/santosh/git/tracing/target/test-classes:/home/santosh/git/tracing/target/classes:/home/santosh/.m2/repository/org/springframework/boot/spring-boot-starter-web/2.7.9/spring-boot-starter-web-2.7.9.jar:/home/santosh/.m2/repository/org/springframework/boot/spring-boot-starter/2.7.9/spring-boot-starter-2.7.9.jar:/home/santosh/.m2/repository/org/springframework/boot/spring-boot/2.7.9/spring-boot-2.7.9.jar:/home/santosh/.m2/repository/org/springframework/boot/spring-boot-autoconfigure/2.7.9/spring-boot-autoconfigure-2.7.9.jar:/home/santosh/.m2/repository/org/springframework/boot/spring-boot-starter-logging/2.7.9/spring-boot-starter-logging-2.7.9.jar:/home/santosh/.m2/repository/ch/qos/logback/logback-classic/1.2.11/logback-classic-1.2.11.jar:/home/santosh/.m2/repository/ch/qos/logback/logback-core/1.2.11/logback-core-1.2.11.jar:/home/santosh/.m2/repository/org/apache/logging/log4j/log4j-to-slf4j/2.17.2/log4j-to-slf4j-2.17.2.jar:/home/santosh/.m2/repository/org/apache/logging/log4j/log4j-api/2.17.2/log4j-api-2.17.2.jar:/home/santosh/.m2/repository/org/slf4j/jul-to-slf4j/1.7.36/jul-to-slf4j-1.7.36.jar:/home/santosh/.m2/repository/jakarta/annotation/jakarta.annotation-api/1.3.5/jakarta.annotation-api-1.3.5.jar:/home/santosh/.m2/repository/org/yaml/snakeyaml/1.30/snakeyaml-1.30.jar:/home/santosh/.m2/repository/org/springframework/boot/spring-boot-starter-json/2.7.9/spring-boot-starter-json-2.7.9.jar:/home/santosh/.m2/repository/com/fasterxml/jackson/core/jackson-databind/2.13.5/jackson-databind-2.13.5.jar:/home/santosh/.m2/repository/com/fasterxml/jackson/core/jackson-annotations/2.13.5/jackson-annotations-2.13.5.jar:/home/santosh/.m2/repository/com/fasterxml/jackson/core/jackson-core/2.13.5/jackson-core-2.13.5.jar:/home/santosh/.m2/repository/com/fasterxml/jackson/datatype/jackson-datatype-jdk8/2.13.5/jackson-datatype-jdk8-2.13.5.jar:/home/santosh/.m2/repository/com/fasterxml/jackson/datatype/jackson-datatype-jsr310/2.13.5/jackson-datatype-jsr310-2.13.5.jar:/home/santosh/.m2/repository/com/fasterxml/jackson/module/jackson-module-parameter-names/2.13.5/jackson-module-parameter-names-2.13.5.jar:/home/santosh/.m2/repository/org/springframework/boot/spring-boot-starter-tomcat/2.7.9/spring-boot-starter-tomcat-2.7.9.jar:/home/santosh/.m2/repository/org/apache/tomcat/embed/tomcat-embed-core/9.0.71/tomcat-embed-core-9.0.71.jar:/home/santosh/.m2/repository/org/apache/tomcat/embed/tomcat-embed-el/9.0.71/tomcat-embed-el-9.0.71.jar:/home/santosh/.m2/repository/org/apache/tomcat/embed/tomcat-embed-websocket/9.0.71/tomcat-embed-websocket-9.0.71.jar:/home/santosh/.m2/repository/org/springframework/spring-web/5.3.25/spring-web-5.3.25.jar:/home/santosh/.m2/repository/org/springframework/spring-beans/5.3.25/spring-beans-5.3.25.jar:/home/santosh/.m2/repository/org/springframework/spring-webmvc/5.3.25/spring-webmvc-5.3.25.jar:/home/santosh/.m2/repository/org/springframework/spring-aop/5.3.25/spring-aop-5.3.25.jar:/home/santosh/.m2/repository/org/springframework/spring-context/5.3.25/spring-context-5.3.25.jar:/home/santosh/.m2/repository/org/springframework/spring-expression/5.3.25/spring-expression-5.3.25.jar:/home/santosh/.m2/repository/io/opentracing/contrib/opentracing-spring-jaeger-cloud-starter/3.3.1/opentracing-spring-jaeger-cloud-starter-3.3.1.jar:/home/santosh/.m2/repository/io/opentracing/contrib/opentracing-spring-jaeger-starter/3.3.1/opentracing-spring-jaeger-starter-3.3.1.jar:/home/santosh/.m2/repository/io/opentracing/contrib/opentracing-spring-tracer-configuration-starter/0.4.0/opentracing-spring-tracer-configuration-starter-0.4.0.jar:/home/santosh/.m2/repository/io/opentracing/opentracing-noop/0.33.0/opentracing-noop-0.33.0.jar:/home/santosh/.m2/repository/io/opentracing/opentracing-util/0.33.0/opentracing-util-0.33.0.jar:/home/santosh/.m2/repository/io/opentracing/contrib/opentracing-tracerresolver/0.1.8/opentracing-tracerresolver-0.1.8.jar:/home/santosh/.m2/repository/io/opentracing/opentracing-api/0.33.0/opentracing-api-0.33.0.jar:/home/santosh/.m2/repository/io/jaegertracing/jaeger-client/1.3.2/jaeger-client-1.3.2.jar:/home/santosh/.m2/repository/io/jaegertracing/jaeger-thrift/1.3.2/jaeger-thrift-1.3.2.jar:/home/santosh/.m2/repository/org/apache/thrift/libthrift/0.13.0/libthrift-0.13.0.jar:/home/santosh/.m2/repository/javax/annotation/javax.annotation-api/1.3.2/javax.annotation-api-1.3.2.jar:/home/santosh/.m2/repository/com/squareup/okhttp3/okhttp/4.9.3/okhttp-4.9.3.jar:/home/santosh/.m2/repository/com/squareup/okio/okio/2.8.0/okio-2.8.0.jar:/home/santosh/.m2/repository/org/jetbrains/kotlin/kotlin-stdlib-common/1.6.21/kotlin-stdlib-common-1.6.21.jar:/home/santosh/.m2/repository/org/jetbrains/kotlin/kotlin-stdlib/1.6.21/kotlin-stdlib-1.6.21.jar:/home/santosh/.m2/repository/org/jetbrains/annotations/13.0/annotations-13.0.jar:/home/santosh/.m2/repository/io/jaegertracing/jaeger-core/1.3.2/jaeger-core-1.3.2.jar:/home/santosh/.m2/repository/com/google/code/gson/gson/2.9.1/gson-2.9.1.jar:/home/santosh/.m2/repository/io/jaegertracing/jaeger-tracerresolver/1.3.2/jaeger-tracerresolver-1.3.2.jar:/home/santosh/.m2/repository/io/opentracing/contrib/opentracing-spring-cloud-starter/0.5.3/opentracing-spring-cloud-starter-0.5.3.jar:/home/santosh/.m2/repository/io/opentracing/contrib/opentracing-spring-cloud-core/0.5.3/opentracing-spring-cloud-core-0.5.3.jar:/home/santosh/.m2/repository/org/springframework/boot/spring-boot-starter-aop/2.7.9/spring-boot-starter-aop-2.7.9.jar:/home/santosh/.m2/repository/org/aspectj/aspectjweaver/1.9.7/aspectjweaver-1.9.7.jar:/home/santosh/.m2/repository/io/opentracing/contrib/opentracing-concurrent/0.4.0/opentracing-concurrent-0.4.0.jar:/home/santosh/.m2/repository/io/opentracing/contrib/opentracing-spring-web-starter/3.0.1/opentracing-spring-web-starter-3.0.1.jar:/home/santosh/.m2/repository/io/opentracing/contrib/opentracing-spring-web/3.0.1/opentracing-spring-web-3.0.1.jar:/home/santosh/.m2/repository/io/opentracing/contrib/opentracing-web-servlet-filter/0.4.0/opentracing-web-servlet-filter-0.4.0.jar:/home/santosh/.m2/repository/io/opentracing/contrib/opentracing-spring-messaging-starter/1.0.0/opentracing-spring-messaging-starter-1.0.0.jar:/home/santosh/.m2/repository/io/opentracing/contrib/opentracing-spring-messaging/1.0.0/opentracing-spring-messaging-1.0.0.jar:/home/santosh/.m2/repository/io/opentracing/contrib/opentracing-spring-rabbitmq-starter/3.0.0/opentracing-spring-rabbitmq-starter-3.0.0.jar:/home/santosh/.m2/repository/io/opentracing/contrib/opentracing-spring-rabbitmq/3.0.0/opentracing-spring-rabbitmq-3.0.0.jar:/home/santosh/.m2/repository/io/opentracing/contrib/opentracing-spring-cloud-jdbc-starter/0.5.3/opentracing-spring-cloud-jdbc-starter-0.5.3.jar:/home/santosh/.m2/repository/io/opentracing/contrib/opentracing-jdbc/0.2.8/opentracing-jdbc-0.2.8.jar:/home/santosh/.m2/repository/io/opentracing/contrib/common/0.1.4/common-0.1.4.jar:/home/santosh/.m2/repository/io/opentracing/contrib/opentracing-spring-cloud-jms-starter/0.5.3/opentracing-spring-cloud-jms-starter-0.5.3.jar:/home/santosh/.m2/repository/io/opentracing/contrib/opentracing-jms-spring/0.1.7/opentracing-jms-spring-0.1.7.jar:/home/santosh/.m2/repository/io/opentracing/contrib/opentracing-jms-2/0.1.7/opentracing-jms-2-0.1.7.jar:/home/santosh/.m2/repository/io/opentracing/contrib/opentracing-jms-common/0.1.7/opentracing-jms-common-0.1.7.jar:/home/santosh/.m2/repository/io/opentracing/contrib/opentracing-spring-cloud-kafka-starter/0.5.3/opentracing-spring-cloud-kafka-starter-0.5.3.jar:/home/santosh/.m2/repository/io/opentracing/contrib/opentracing-kafka-spring/0.1.12/opentracing-kafka-spring-0.1.12.jar:/home/santosh/.m2/repository/io/opentracing/contrib/opentracing-kafka-client/0.1.12/opentracing-kafka-client-0.1.12.jar:/home/santosh/.m2/repository/io/opentracing/contrib/opentracing-spring-cloud-feign-starter/0.5.3/opentracing-spring-cloud-feign-starter-0.5.3.jar:/home/santosh/.m2/repository/io/github/openfeign/opentracing/feign-opentracing/0.4.0/feign-opentracing-0.4.0.jar:/home/santosh/.m2/repository/io/github/openfeign/opentracing/feign-hystrix-opentracing/0.4.0/feign-hystrix-opentracing-0.4.0.jar:/home/santosh/.m2/repository/io/opentracing/contrib/opentracing-spring-cloud-hystrix-starter/0.5.3/opentracing-spring-cloud-hystrix-starter-0.5.3.jar:/home/santosh/.m2/repository/io/opentracing/contrib/opentracing-spring-cloud-reactor-starter/0.5.3/opentracing-spring-cloud-reactor-starter-0.5.3.jar:/home/santosh/.m2/repository/io/opentracing/contrib/opentracing-reactor/0.1.2/opentracing-reactor-0.1.2.jar:/home/santosh/.m2/repository/io/opentracing/contrib/opentracing-spring-cloud-rxjava-starter/0.5.3/opentracing-spring-cloud-rxjava-starter-0.5.3.jar:/home/santosh/.m2/repository/io/opentracing/contrib/opentracing-rxjava-1/0.1.3/opentracing-rxjava-1-0.1.3.jar:/home/santosh/.m2/repository/io/opentracing/contrib/opentracing-spring-cloud-redis-starter/0.5.3/opentracing-spring-cloud-redis-starter-0.5.3.jar:/home/santosh/.m2/repository/io/opentracing/contrib/opentracing-redis-spring-data2/0.1.14/opentracing-redis-spring-data2-0.1.14.jar:/home/santosh/.m2/repository/io/opentracing/contrib/opentracing-redis-common/0.1.14/opentracing-redis-common-0.1.14.jar:/home/santosh/.m2/repository/io/opentracing/contrib/opentracing-spring-cloud-mongo-starter/0.5.3/opentracing-spring-cloud-mongo-starter-0.5.3.jar:/home/santosh/.m2/repository/io/opentracing/contrib/opentracing-mongo-driver/0.1.5/opentracing-mongo-driver-0.1.5.jar:/home/santosh/.m2/repository/io/opentracing/contrib/opentracing-mongo-common/0.1.5/opentracing-mongo-common-0.1.5.jar:/home/santosh/.m2/repository/io/opentracing/contrib/opentracing-spring-cloud-websocket-starter/0.5.3/opentracing-spring-cloud-websocket-starter-0.5.3.jar:/home/santosh/.m2/repository/io/opentracing/contrib/opentracing-spring-cloud-zuul-starter/0.5.3/opentracing-spring-cloud-zuul-starter-0.5.3.jar:/home/santosh/.m2/repository/io/opentracing/contrib/opentracing-spring-cloud-gateway-starter/0.5.3/opentracing-spring-cloud-gateway-starter-0.5.3.jar:/home/santosh/.m2/repository/org/springframework/boot/spring-boot-starter-test/2.7.9/spring-boot-starter-test-2.7.9.jar:/home/santosh/.m2/repository/org/springframework/boot/spring-boot-test/2.7.9/spring-boot-test-2.7.9.jar:/home/santosh/.m2/repository/org/springframework/boot/spring-boot-test-autoconfigure/2.7.9/spring-boot-test-autoconfigure-2.7.9.jar:/home/santosh/.m2/repository/com/jayway/jsonpath/json-path/2.7.0/json-path-2.7.0.jar:/home/santosh/.m2/repository/net/minidev/json-smart/2.4.8/json-smart-2.4.8.jar:/home/santosh/.m2/repository/net/minidev/accessors-smart/2.4.8/accessors-smart-2.4.8.jar:/home/santosh/.m2/repository/org/ow2/asm/asm/9.1/asm-9.1.jar:/home/santosh/.m2/repository/org/slf4j/slf4j-api/1.7.36/slf4j-api-1.7.36.jar:/home/santosh/.m2/repository/jakarta/xml/bind/jakarta.xml.bind-api/2.3.3/jakarta.xml.bind-api-2.3.3.jar:/home/santosh/.m2/repository/jakarta/activation/jakarta.activation-api/1.2.2/jakarta.activation-api-1.2.2.jar:/home/santosh/.m2/repository/org/assertj/assertj-core/3.22.0/assertj-core-3.22.0.jar:/home/santosh/.m2/repository/org/hamcrest/hamcrest/2.2/hamcrest-2.2.jar:/home/santosh/.m2/repository/org/junit/jupiter/junit-jupiter/5.8.2/junit-jupiter-5.8.2.jar:/home/santosh/.m2/repository/org/junit/jupiter/junit-jupiter-api/5.8.2/junit-jupiter-api-5.8.2.jar:/home/santosh/.m2/repository/org/opentest4j/opentest4j/1.2.0/opentest4j-1.2.0.jar:/home/santosh/.m2/repository/org/junit/platform/junit-platform-commons/1.8.2/junit-platform-commons-1.8.2.jar:/home/santosh/.m2/repository/org/apiguardian/apiguardian-api/1.1.2/apiguardian-api-1.1.2.jar:/home/santosh/.m2/repository/org/junit/jupiter/junit-jupiter-params/5.8.2/junit-jupiter-params-5.8.2.jar:/home/santosh/.m2/repository/org/junit/jupiter/junit-jupiter-engine/5.8.2/junit-jupiter-engine-5.8.2.jar:/home/santosh/.m2/repository/org/junit/platform/junit-platform-engine/1.8.2/junit-platform-engine-1.8.2.jar:/home/santosh/.m2/repository/org/mockito/mockito-core/4.5.1/mockito-core-4.5.1.jar:/home/santosh/.m2/repository/net/bytebuddy/byte-buddy/1.12.23/byte-buddy-1.12.23.jar:/home/santosh/.m2/repository/net/bytebuddy/byte-buddy-agent/1.12.23/byte-buddy-agent-1.12.23.jar:/home/santosh/.m2/repository/org/objenesis/objenesis/3.2/objenesis-3.2.jar:/home/santosh/.m2/repository/org/mockito/mockito-junit-jupiter/4.5.1/mockito-junit-jupiter-4.5.1.jar:/home/santosh/.m2/repository/org/skyscreamer/jsonassert/1.5.1/jsonassert-1.5.1.jar:/home/santosh/.m2/repository/com/vaadin/external/google/android-json/0.0.20131108.vaadin1/android-json-0.0.20131108.vaadin1.jar:/home/santosh/.m2/repository/org/springframework/spring-core/5.3.25/spring-core-5.3.25.jar:/home/santosh/.m2/repository/org/springframework/spring-jcl/5.3.25/spring-jcl-5.3.25.jar:/home/santosh/.m2/repository/org/springframework/spring-test/5.3.25/spring-test-5.3.25.jar:/home/santosh/.m2/repository/org/xmlunit/xmlunit-core/2.9.1/xmlunit-core-2.9.1.jar:"/>
    <property name="java.vm.vendor" value="Ubuntu"/>
    <property name="sun.arch.data.model" value="64"/>
    <property name="java.vendor.url" value="https://ubuntu.com/"/>
    <property name="user.timezone" value=""/>
    <property name="java.vm.specification.version" value="11"/>
    <property name="os.name" value="Linux"/>
    <property name="sun.java.launcher" value="SUN_STANDARD"/>
    <property name="user.country" value="US"/>
    <property name="sun.boot.library.path" value="/usr/lib/jvm/java-11-openjdk-amd64/lib"/>
    <property name="sun.java.command" value="/home/santosh/git/tracing/target/surefire/surefirebooter7170528650501038408.jar /home/santosh/git/tracing/target/surefire 2023-03-22T02-37-14_072-jvmRun1 surefire8014261596666789850tmp surefire_017744433401886484600tmp"/>
    <property name="jdk.debug" value="release"/>
    <property name="surefire.test.class.path" value="/home/santosh/git/tracing/target/test-classes:/home/santosh/git/tracing/target/classes:/home/santosh/.m2/repository/org/springframework/boot/spring-boot-starter-web/2.7.9/spring-boot-starter-web-2.7.9.jar:/home/santosh/.m2/repository/org/springframework/boot/spring-boot-starter/2.7.9/spring-boot-starter-2.7.9.jar:/home/santosh/.m2/repository/org/springframework/boot/spring-boot/2.7.9/spring-boot-2.7.9.jar:/home/santosh/.m2/repository/org/springframework/boot/spring-boot-autoconfigure/2.7.9/spring-boot-autoconfigure-2.7.9.jar:/home/santosh/.m2/repository/org/springframework/boot/spring-boot-starter-logging/2.7.9/spring-boot-starter-logging-2.7.9.jar:/home/santosh/.m2/repository/ch/qos/logback/logback-classic/1.2.11/logback-classic-1.2.11.jar:/home/santosh/.m2/repository/ch/qos/logback/logback-core/1.2.11/logback-core-1.2.11.jar:/home/santosh/.m2/repository/org/apache/logging/log4j/log4j-to-slf4j/2.17.2/log4j-to-slf4j-2.17.2.jar:/home/santosh/.m2/repository/org/apache/logging/log4j/log4j-api/2.17.2/log4j-api-2.17.2.jar:/home/santosh/.m2/repository/org/slf4j/jul-to-slf4j/1.7.36/jul-to-slf4j-1.7.36.jar:/home/santosh/.m2/repository/jakarta/annotation/jakarta.annotation-api/1.3.5/jakarta.annotation-api-1.3.5.jar:/home/santosh/.m2/repository/org/yaml/snakeyaml/1.30/snakeyaml-1.30.jar:/home/santosh/.m2/repository/org/springframework/boot/spring-boot-starter-json/2.7.9/spring-boot-starter-json-2.7.9.jar:/home/santosh/.m2/repository/com/fasterxml/jackson/core/jackson-databind/2.13.5/jackson-databind-2.13.5.jar:/home/santosh/.m2/repository/com/fasterxml/jackson/core/jackson-annotations/2.13.5/jackson-annotations-2.13.5.jar:/home/santosh/.m2/repository/com/fasterxml/jackson/core/jackson-core/2.13.5/jackson-core-2.13.5.jar:/home/santosh/.m2/repository/com/fasterxml/jackson/datatype/jackson-datatype-jdk8/2.13.5/jackson-datatype-jdk8-2.13.5.jar:/home/santosh/.m2/repository/com/fasterxml/jackson/datatype/jackson-datatype-jsr310/2.13.5/jackson-datatype-jsr310-2.13.5.jar:/home/santosh/.m2/repository/com/fasterxml/jackson/module/jackson-module-parameter-names/2.13.5/jackson-module-parameter-names-2.13.5.jar:/home/santosh/.m2/repository/org/springframework/boot/spring-boot-starter-tomcat/2.7.9/spring-boot-starter-tomcat-2.7.9.jar:/home/santosh/.m2/repository/org/apache/tomcat/embed/tomcat-embed-core/9.0.71/tomcat-embed-core-9.0.71.jar:/home/santosh/.m2/repository/org/apache/tomcat/embed/tomcat-embed-el/9.0.71/tomcat-embed-el-9.0.71.jar:/home/santosh/.m2/repository/org/apache/tomcat/embed/tomcat-embed-websocket/9.0.71/tomcat-embed-websocket-9.0.71.jar:/home/santosh/.m2/repository/org/springframework/spring-web/5.3.25/spring-web-5.3.25.jar:/home/santosh/.m2/repository/org/springframework/spring-beans/5.3.25/spring-beans-5.3.25.jar:/home/santosh/.m2/repository/org/springframework/spring-webmvc/5.3.25/spring-webmvc-5.3.25.jar:/home/santosh/.m2/repository/org/springframework/spring-aop/5.3.25/spring-aop-5.3.25.jar:/home/santosh/.m2/repository/org/springframework/spring-context/5.3.25/spring-context-5.3.25.jar:/home/santosh/.m2/repository/org/springframework/spring-expression/5.3.25/spring-expression-5.3.25.jar:/home/santosh/.m2/repository/io/opentracing/contrib/opentracing-spring-jaeger-cloud-starter/3.3.1/opentracing-spring-jaeger-cloud-starter-3.3.1.jar:/home/santosh/.m2/repository/io/opentracing/contrib/opentracing-spring-jaeger-starter/3.3.1/opentracing-spring-jaeger-starter-3.3.1.jar:/home/santosh/.m2/repository/io/opentracing/contrib/opentracing-spring-tracer-configuration-starter/0.4.0/opentracing-spring-tracer-configuration-starter-0.4.0.jar:/home/santosh/.m2/repository/io/opentracing/opentracing-noop/0.33.0/opentracing-noop-0.33.0.jar:/home/santosh/.m2/repository/io/opentracing/opentracing-util/0.33.0/opentracing-util-0.33.0.jar:/home/santosh/.m2/repository/io/opentracing/contrib/opentracing-tracerresolver/0.1.8/opentracing-tracerresolver-0.1.8.jar:/home/santosh/.m2/repository/io/opentracing/opentracing-api/0.33.0/opentracing-api-0.33.0.jar:/home/santosh/.m2/repository/io/jaegertracing/jaeger-client/1.3.2/jaeger-client-1.3.2.jar:/home/santosh/.m2/repository/io/jaegertracing/jaeger-thrift/1.3.2/jaeger-thrift-1.3.2.jar:/home/santosh/.m2/repository/org/apache/thrift/libthrift/0.13.0/libthrift-0.13.0.jar:/home/santosh/.m2/repository/javax/annotation/javax.annotation-api/1.3.2/javax.annotation-api-1.3.2.jar:/home/santosh/.m2/repository/com/squareup/okhttp3/okhttp/4.9.3/okhttp-4.9.3.jar:/home/santosh/.m2/repository/com/squareup/okio/okio/2.8.0/okio-2.8.0.jar:/home/santosh/.m2/repository/org/jetbrains/kotlin/kotlin-stdlib-common/1.6.21/kotlin-stdlib-common-1.6.21.jar:/home/santosh/.m2/repository/org/jetbrains/kotlin/kotlin-stdlib/1.6.21/kotlin-stdlib-1.6.21.jar:/home/santosh/.m2/repository/org/jetbrains/annotations/13.0/annotations-13.0.jar:/home/santosh/.m2/repository/io/jaegertracing/jaeger-core/1.3.2/jaeger-core-1.3.2.jar:/home/santosh/.m2/repository/com/google/code/gson/gson/2.9.1/gson-2.9.1.jar:/home/santosh/.m2/repository/io/jaegertracing/jaeger-tracerresolver/1.3.2/jaeger-tracerresolver-1.3.2.jar:/home/santosh/.m2/repository/io/opentracing/contrib/opentracing-spring-cloud-starter/0.5.3/opentracing-spring-cloud-starter-0.5.3.jar:/home/santosh/.m2/repository/io/opentracing/contrib/opentracing-spring-cloud-core/0.5.3/opentracing-spring-cloud-core-0.5.3.jar:/home/santosh/.m2/repository/org/springframework/boot/spring-boot-starter-aop/2.7.9/spring-boot-starter-aop-2.7.9.jar:/home/santosh/.m2/repository/org/aspectj/aspectjweaver/1.9.7/aspectjweaver-1.9.7.jar:/home/santosh/.m2/repository/io/opentracing/contrib/opentracing-concurrent/0.4.0/opentracing-concurrent-0.4.0.jar:/home/santosh/.m2/repository/io/opentracing/contrib/opentracing-spring-web-starter/3.0.1/opentracing-spring-web-starter-3.0.1.jar:/home/santosh/.m2/repository/io/opentracing/contrib/opentracing-spring-web/3.0.1/opentracing-spring-web-3.0.1.jar:/home/santosh/.m2/repository/io/opentracing/contrib/opentracing-web-servlet-filter/0.4.0/opentracing-web-servlet-filter-0.4.0.jar:/home/santosh/.m2/repository/io/opentracing/contrib/opentracing-spring-messaging-starter/1.0.0/opentracing-spring-messaging-starter-1.0.0.jar:/home/santosh/.m2/repository/io/opentracing/contrib/opentracing-spring-messaging/1.0.0/opentracing-spring-messaging-1.0.0.jar:/home/santosh/.m2/repository/io/opentracing/contrib/opentracing-spring-rabbitmq-starter/3.0.0/opentracing-spring-rabbitmq-starter-3.0.0.jar:/home/santosh/.m2/repository/io/opentracing/contrib/opentracing-spring-rabbitmq/3.0.0/opentracing-spring-rabbitmq-3.0.0.jar:/home/santosh/.m2/repository/io/opentracing/contrib/opentracing-spring-cloud-jdbc-starter/0.5.3/opentracing-spring-cloud-jdbc-starter-0.5.3.jar:/home/santosh/.m2/repository/io/opentracing/contrib/opentracing-jdbc/0.2.8/opentracing-jdbc-0.2.8.jar:/home/santosh/.m2/repository/io/opentracing/contrib/common/0.1.4/common-0.1.4.jar:/home/santosh/.m2/repository/io/opentracing/contrib/opentracing-spring-cloud-jms-starter/0.5.3/opentracing-spring-cloud-jms-starter-0.5.3.jar:/home/santosh/.m2/repository/io/opentracing/contrib/opentracing-jms-spring/0.1.7/opentracing-jms-spring-0.1.7.jar:/home/santosh/.m2/repository/io/opentracing/contrib/opentracing-jms-2/0.1.7/opentracing-jms-2-0.1.7.jar:/home/santosh/.m2/repository/io/opentracing/contrib/opentracing-jms-common/0.1.7/opentracing-jms-common-0.1.7.jar:/home/santosh/.m2/repository/io/opentracing/contrib/opentracing-spring-cloud-kafka-starter/0.5.3/opentracing-spring-cloud-kafka-starter-0.5.3.jar:/home/santosh/.m2/repository/io/opentracing/contrib/opentracing-kafka-spring/0.1.12/opentracing-kafka-spring-0.1.12.jar:/home/santosh/.m2/repository/io/opentracing/contrib/opentracing-kafka-client/0.1.12/opentracing-kafka-client-0.1.12.jar:/home/santosh/.m2/repository/io/opentracing/contrib/opentracing-spring-cloud-feign-starter/0.5.3/opentracing-spring-cloud-feign-starter-0.5.3.jar:/home/santosh/.m2/repository/io/github/openfeign/opentracing/feign-opentracing/0.4.0/feign-opentracing-0.4.0.jar:/home/santosh/.m2/repository/io/github/openfeign/opentracing/feign-hystrix-opentracing/0.4.0/feign-hystrix-opentracing-0.4.0.jar:/home/santosh/.m2/repository/io/opentracing/contrib/opentracing-spring-cloud-hystrix-starter/0.5.3/opentracing-spring-cloud-hystrix-starter-0.5.3.jar:/home/santosh/.m2/repository/io/opentracing/contrib/opentracing-spring-cloud-reactor-starter/0.5.3/opentracing-spring-cloud-reactor-starter-0.5.3.jar:/home/santosh/.m2/repository/io/opentracing/contrib/opentracing-reactor/0.1.2/opentracing-reactor-0.1.2.jar:/home/santosh/.m2/repository/io/opentracing/contrib/opentracing-spring-cloud-rxjava-starter/0.5.3/opentracing-spring-cloud-rxjava-starter-0.5.3.jar:/home/santosh/.m2/repository/io/opentracing/contrib/opentracing-rxjava-1/0.1.3/opentracing-rxjava-1-0.1.3.jar:/home/santosh/.m2/repository/io/opentracing/contrib/opentracing-spring-cloud-redis-starter/0.5.3/opentracing-spring-cloud-redis-starter-0.5.3.jar:/home/santosh/.m2/repository/io/opentracing/contrib/opentracing-redis-spring-data2/0.1.14/opentracing-redis-spring-data2-0.1.14.jar:/home/santosh/.m2/repository/io/opentracing/contrib/opentracing-redis-common/0.1.14/opentracing-redis-common-0.1.14.jar:/home/santosh/.m2/repository/io/opentracing/contrib/opentracing-spring-cloud-mongo-starter/0.5.3/opentracing-spring-cloud-mongo-starter-0.5.3.jar:/home/santosh/.m2/repository/io/opentracing/contrib/opentracing-mongo-driver/0.1.5/opentracing-mongo-driver-0.1.5.jar:/home/santosh/.m2/repository/io/opentracing/contrib/opentracing-mongo-common/0.1.5/opentracing-mongo-common-0.1.5.jar:/home/santosh/.m2/repository/io/opentracing/contrib/opentracing-spring-cloud-websocket-starter/0.5.3/opentracing-spring-cloud-websocket-starter-0.5.3.jar:/home/santosh/.m2/repository/io/opentracing/contrib/opentracing-spring-cloud-zuul-starter/0.5.3/opentracing-spring-cloud-zuul-starter-0.5.3.jar:/home/santosh/.m2/repository/io/opentracing/contrib/opentracing-spring-cloud-gateway-starter/0.5.3/opentracing-spring-cloud-gateway-starter-0.5.3.jar:/home/santosh/.m2/repository/org/springframework/boot/spring-boot-starter-test/2.7.9/spring-boot-starter-test-2.7.9.jar:/home/santosh/.m2/repository/org/springframework/boot/spring-boot-test/2.7.9/spring-boot-test-2.7.9.jar:/home/santosh/.m2/repository/org/springframework/boot/spring-boot-test-autoconfigure/2.7.9/spring-boot-test-autoconfigure-2.7.9.jar:/home/santosh/.m2/repository/com/jayway/jsonpath/json-path/2.7.0/json-path-2.7.0.jar:/home/santosh/.m2/repository/net/minidev/json-smart/2.4.8/json-smart-2.4.8.jar:/home/santosh/.m2/repository/net/minidev/accessors-smart/2.4.8/accessors-smart-2.4.8.jar:/home/santosh/.m2/repository/org/ow2/asm/asm/9.1/asm-9.1.jar:/home/santosh/.m2/repository/org/slf4j/slf4j-api/1.7.36/slf4j-api-1.7.36.jar:/home/santosh/.m2/repository/jakarta/xml/bind/jakarta.xml.bind-api/2.3.3/jakarta.xml.bind-api-2.3.3.jar:/home/santosh/.m2/repository/jakarta/activation/jakarta.activation-api/1.2.2/jakarta.activation-api-1.2.2.jar:/home/santosh/.m2/repository/org/assertj/assertj-core/3.22.0/assertj-core-3.22.0.jar:/home/santosh/.m2/repository/org/hamcrest/hamcrest/2.2/hamcrest-2.2.jar:/home/santosh/.m2/repository/org/junit/jupiter/junit-jupiter/5.8.2/junit-jupiter-5.8.2.jar:/home/santosh/.m2/repository/org/junit/jupiter/junit-jupiter-api/5.8.2/junit-jupiter-api-5.8.2.jar:/home/santosh/.m2/repository/org/opentest4j/opentest4j/1.2.0/opentest4j-1.2.0.jar:/home/santosh/.m2/repository/org/junit/platform/junit-platform-commons/1.8.2/junit-platform-commons-1.8.2.jar:/home/santosh/.m2/repository/org/apiguardian/apiguardian-api/1.1.2/apiguardian-api-1.1.2.jar:/home/santosh/.m2/repository/org/junit/jupiter/junit-jupiter-params/5.8.2/junit-jupiter-params-5.8.2.jar:/home/santosh/.m2/repository/org/junit/jupiter/junit-jupiter-engine/5.8.2/junit-jupiter-engine-5.8.2.jar:/home/santosh/.m2/repository/org/junit/platform/junit-platform-engine/1.8.2/junit-platform-engine-1.8.2.jar:/home/santosh/.m2/repository/org/mockito/mockito-core/4.5.1/mockito-core-4.5.1.jar:/home/santosh/.m2/repository/net/bytebuddy/byte-buddy/1.12.23/byte-buddy-1.12.23.jar:/home/santosh/.m2/repository/net/bytebuddy/byte-buddy-agent/1.12.23/byte-buddy-agent-1.12.23.jar:/home/santosh/.m2/repository/org/objenesis/objenesis/3.2/objenesis-3.2.jar:/home/santosh/.m2/repository/org/mockito/mockito-junit-jupiter/4.5.1/mockito-junit-jupiter-4.5.1.jar:/home/santosh/.m2/repository/org/skyscreamer/jsonassert/1.5.1/jsonassert-1.5.1.jar:/home/santosh/.m2/repository/com/vaadin/external/google/android-json/0.0.20131108.vaadin1/android-json-0.0.20131108.vaadin1.jar:/home/santosh/.m2/repository/org/springframework/spring-core/5.3.25/spring-core-5.3.25.jar:/home/santosh/.m2/repository/org/springframework/spring-jcl/5.3.25/spring-jcl-5.3.25.jar:/home/santosh/.m2/repository/org/springframework/spring-test/5.3.25/spring-test-5.3.25.jar:/home/santosh/.m2/repository/org/xmlunit/xmlunit-core/2.9.1/xmlunit-core-2.9.1.jar:"/>
    <property name="sun.cpu.endian" value="little"/>
    <property name="user.home" value="/home/santosh"/>
    <property name="user.language" value="en"/>
    <property name="java.specification.vendor" value="Oracle Corporation"/>
    <property name="java.version.date" value="2023-01-17"/>
    <property name="java.home" value="/usr/lib/jvm/java-11-openjdk-amd64"/>
    <property name="file.separator" value="/"/>
    <property name="basedir" value="/home/santosh/git/tracing"/>
    <property name="java.vm.compressedOopsMode" value="32-bit"/>
    <property name="line.separator" value="&#10;"/>
    <property name="java.specification.name" value="Java Platform API Specification"/>
    <property name="java.vm.specification.vendor" value="Oracle Corporation"/>
    <property name="java.awt.graphicsenv" value="sun.awt.X11GraphicsEnvironment"/>
    <property name="surefire.real.class.path" value="/home/santosh/git/tracing/target/surefire/surefirebooter7170528650501038408.jar"/>
    <property name="sun.management.compiler" value="HotSpot 64-Bit Tiered Compilers"/>
    <property name="java.runtime.version" value="11.0.18+10-post-Ubuntu-0ubuntu120.04.1"/>
    <property name="user.name" value="santosh"/>
    <property name="path.separator" value=":"/>
    <property name="os.version" value="5.15.0-67-generic"/>
    <property name="java.runtime.name" value="OpenJDK Runtime Environment"/>
    <property name="file.encoding" value="UTF-8"/>
    <property name="java.vm.name" value="OpenJDK 64-Bit Server VM"/>
    <property name="localRepository" value="/home/santosh/.m2/repository"/>
    <property name="java.vendor.url.bug" value="https://bugs.launchpad.net/ubuntu/+source/openjdk-lts"/>
    <property name="java.io.tmpdir" value="/tmp"/>
    <property name="idea.version" value="2022.3.3"/>
    <property name="java.version" value="11.0.18"/>
    <property name="user.dir" value="/home/santosh/git/tracing"/>
    <property name="os.arch" value="amd64"/>
    <property name="java.vm.specification.name" value="Java Virtual Machine Specification"/>
    <property name="java.awt.printerjob" value="sun.print.PSPrinterJob"/>
    <property name="sun.os.patch.level" value="unknown"/>
    <property name="java.library.path" value="/usr/java/packages/lib:/usr/lib/x86_64-linux-gnu/jni:/lib/x86_64-linux-gnu:/usr/lib/x86_64-linux-gnu:/usr/lib/jni:/lib:/usr/lib"/>
    <property name="java.vm.info" value="mixed mode, sharing"/>
    <property name="java.vendor" value="Ubuntu"/>
    <property name="java.vm.version" value="11.0.18+10-post-Ubuntu-0ubuntu120.04.1"/>
    <property name="sun.io.unicode.encoding" value="UnicodeLittle"/>
    <property name="java.class.version" value="55.0"/>
  </properties>
  <testcase name="contextLoads" classname="com.spring.tracing.TracingApplicationTests" time="0.513"/>
</testsuite>